#
# There is insufficient memory for the Java Runtime Environment to continue.
# Native memory allocation (malloc) failed to allocate 1000656 bytes for Chunk::new
# Possible reasons:
#   The system is out of physical RAM or swap space
#   The process is running with CompressedOops enabled, and the Java Heap may be blocking the growth of the native heap
# Possible solutions:
#   Reduce memory load on the system
#   Increase physical memory or swap space
#   Check if swap backing store is full
#   Decrease Java heap size (-Xmx/-Xms)
#   Decrease number of Java threads
#   Decrease Java thread stack sizes (-Xss)
#   Set larger code cache with -XX:ReservedCodeCacheSize=
#   JVM is running with Zero Based Compressed Oops mode in which the Java heap is
#     placed in the first 32GB address space. The Java Heap base address is the
#     maximum limit for the native heap growth. Please use -XX:HeapBaseMinAddress
#     to set the Java Heap base and to place the Java Heap above 32GB virtual address.
# This output file may be truncated or incomplete.
#
#  Out of Memory Error (allocation.cpp:389), pid=20320, tid=0x0000000000004ddc
#
# JRE version: Java(TM) SE Runtime Environment (8.0_221-b11) (build 1.8.0_221-b11)
# Java VM: Java HotSpot(TM) 64-Bit Server VM (25.221-b11 mixed mode windows-amd64 compressed oops)
# Failed to write core dump. Minidumps are not enabled by default on client versions of Windows
#

---------------  T H R E A D  ---------------

Current thread (0x000000001ded9000):  JavaThread "C2 CompilerThread2" daemon [_thread_in_native, id=19932, stack(0x000000001e9c0000,0x000000001eac0000)]

Stack: [0x000000001e9c0000,0x000000001eac0000]
[error occurred during error reporting (printing stack bounds), id 0xc0000005]

Native frames: (J=compiled Java code, j=interpreted, Vv=VM code, C=native code)


Current CompileTask:
C2:   4674 3498       4       org.springframework.beans.factory.support.AbstractBeanFactory::isTypeMatch (607 bytes)


---------------  P R O C E S S  ---------------

Java Threads: ( => current thread )
  0x0000000024a9d800 JavaThread "mysql-cj-abandoned-connection-cleanup" daemon [_thread_blocked, id=9004, stack(0x0000000021760000,0x0000000021860000)]
  0x000000001e0d5000 JavaThread "surefire-forkedjvm-ping-30s" daemon [_thread_blocked, id=9996, stack(0x000000001eec0000,0x000000001efc0000)]
  0x000000001e06f800 JavaThread "surefire-forkedjvm-command-thread" daemon [_thread_in_native, id=9200, stack(0x000000001edc0000,0x000000001eec0000)]
  0x000000001df6d800 JavaThread "Service Thread" daemon [_thread_blocked, id=15252, stack(0x000000001ebc0000,0x000000001ecc0000)]
  0x000000001ded6000 JavaThread "C1 CompilerThread3" daemon [_thread_blocked, id=18208, stack(0x000000001eac0000,0x000000001ebc0000)]
=>0x000000001ded9000 JavaThread "C2 CompilerThread2" daemon [_thread_in_native, id=19932, stack(0x000000001e9c0000,0x000000001eac0000)]
  0x000000001decf800 JavaThread "C2 CompilerThread1" daemon [_thread_in_native, id=18296, stack(0x000000001e8c0000,0x000000001e9c0000)]
  0x000000001decb800 JavaThread "C2 CompilerThread0" daemon [_thread_in_native, id=13460, stack(0x000000001e7c0000,0x000000001e8c0000)]
  0x000000001deca800 JavaThread "Attach Listener" daemon [_thread_blocked, id=17260, stack(0x000000001e6c0000,0x000000001e7c0000)]
  0x000000001dec9800 JavaThread "Signal Dispatcher" daemon [_thread_blocked, id=12892, stack(0x000000001e5c0000,0x000000001e6c0000)]
  0x000000001dec1800 JavaThread "Finalizer" daemon [_thread_blocked, id=19488, stack(0x000000001e3a0000,0x000000001e4a0000)]
  0x000000001dec0800 JavaThread "Reference Handler" daemon [_thread_blocked, id=20120, stack(0x000000001e2a0000,0x000000001e3a0000)]
  0x00000000024ce000 JavaThread "main" [_thread_in_vm, id=20136, stack(0x0000000002390000,0x0000000002490000)]

Other Threads:
  0x000000001c0b9800 VMThread [stack: 0x000000001dda0000,0x000000001dea0000] [id=3912]
  0x000000001df31800 WatcherThread [stack: 0x000000001ecc0000,0x000000001edc0000] [id=14256]

VM state:not at safepoint (normal execution)

VM Mutex/Monitor currently owned by a thread: None

heap address: 0x00000006c1200000, size: 4078 MB, Compressed Oops mode: Zero based, Oop shift amount: 3
Narrow klass base: 0x0000000000000000, Narrow klass shift: 3
Compressed class space size: 1073741824 Address: 0x00000007c0000000

Heap:
 PSYoungGen      total 113664K, used 59266K [0x000000076b100000, 0x0000000772a00000, 0x00000007c0000000)
  eden space 103424K, 57% used [0x000000076b100000,0x000000076eae09d8,0x0000000771600000)
  from space 10240K, 0% used [0x0000000771600000,0x0000000771600000,0x0000000772000000)
  to   space 9728K, 0% used [0x0000000772080000,0x0000000772080000,0x0000000772a00000)
 ParOldGen       total 96256K, used 14922K [0x00000006c1200000, 0x00000006c7000000, 0x000000076b100000)
  object space 96256K, 15% used [0x00000006c1200000,0x00000006c2092ac8,0x00000006c7000000)
 Metaspace       used 36365K, capacity 38774K, committed 38912K, reserved 1083392K
  class space    used 4904K, capacity 5353K, committed 5376K, reserved 1048576K

Card table byte_map: [0x0000000011a10000,0x0000000012210000] byte_map_base: 0x000000000e407000

Marking Bits: (ParMarkBitMap*) 0x0000000062935ce0
 Begin Bits: [0x0000000012f60000, 0x0000000016f18000)
 End Bits:   [0x0000000016f18000, 0x000000001aed0000)

Polling page: 0x0000000000b60000

CodeCache: size=245760Kb used=13097Kb max_used=13106Kb free=232662Kb
 bounds [0x0000000002650000, 0x0000000003330000, 0x0000000011650000]
 total_blobs=3972 nmethods=3536 adapters=346
 compilation: enabled

Compilation events (10 events):
Event: 4.664 Thread 0x000000001decb800 nmethod 3535 0x0000000003313bd0 code [0x0000000003313d60, 0x00000000033142d8]
Event: 4.664 Thread 0x000000001decb800 3537 %     4       java.util.Properties::load0 @ 30 (250 bytes)
Event: 4.665 Thread 0x000000001ded6000 3547       1       com.mysql.cj.conf.AbstractPropertyDefinition::getDefaultValue (5 bytes)
Event: 4.665 Thread 0x000000001ded6000 nmethod 3547 0x0000000003313910 code [0x0000000003313a60, 0x0000000003313b70]
Event: 4.665 Thread 0x000000001ded6000 3548       1       com.mysql.cj.conf.AbstractRuntimeProperty::getPropertyDefinition (5 bytes)
Event: 4.665 Thread 0x000000001ded6000 nmethod 3548 0x0000000003313590 code [0x00000000033136e0, 0x00000000033137f0]
Event: 4.665 Thread 0x000000001ded6000 3549       1       com.mysql.cj.conf.AbstractPropertyDefinition::getName (5 bytes)
Event: 4.665 Thread 0x000000001ded6000 nmethod 3549 0x000000000330dd10 code [0x000000000330de60, 0x000000000330df70]
Event: 4.665 Thread 0x000000001ded6000 3550       1       com.mysql.cj.conf.AbstractPropertyDefinition::getCcAlias (5 bytes)
Event: 4.665 Thread 0x000000001ded6000 nmethod 3550 0x000000000330da50 code [0x000000000330dba0, 0x000000000330dcb0]

GC Heap History (10 events):
Event: 2.386 GC heap before
{Heap before GC invocations=5 (full 1):
 PSYoungGen      total 76288K, used 65508K [0x000000076b100000, 0x0000000770600000, 0x00000007c0000000)
  eden space 65536K, 99% used [0x000000076b100000,0x000000076f0f9078,0x000000076f100000)
  from space 10752K, 0% used [0x000000076f100000,0x000000076f100000,0x000000076fb80000)
  to   space 10752K, 0% used [0x000000076fb80000,0x000000076fb80000,0x0000000770600000)
 ParOldGen       total 96256K, used 6463K [0x00000006c1200000, 0x00000006c7000000, 0x000000076b100000)
  object space 96256K, 6% used [0x00000006c1200000,0x00000006c184fd70,0x00000006c7000000)
 Metaspace       used 22313K, capacity 23852K, committed 24192K, reserved 1071104K
  class space    used 3063K, capacity 3356K, committed 3456K, reserved 1048576K
Event: 2.389 GC heap after
Heap after GC invocations=5 (full 1):
 PSYoungGen      total 76288K, used 4239K [0x000000076b100000, 0x0000000772c80000, 0x00000007c0000000)
  eden space 65536K, 0% used [0x000000076b100000,0x000000076b100000,0x000000076f100000)
  from space 10752K, 39% used [0x000000076fb80000,0x000000076ffa3d68,0x0000000770600000)
  to   space 10752K, 0% used [0x000000076f100000,0x000000076f100000,0x000000076fb80000)
 ParOldGen       total 96256K, used 6463K [0x00000006c1200000, 0x00000006c7000000, 0x000000076b100000)
  object space 96256K, 6% used [0x00000006c1200000,0x00000006c184fd70,0x00000006c7000000)
 Metaspace       used 22313K, capacity 23852K, committed 24192K, reserved 1071104K
  class space    used 3063K, capacity 3356K, committed 3456K, reserved 1048576K
}
Event: 2.571 GC heap before
{Heap before GC invocations=6 (full 1):
 PSYoungGen      total 76288K, used 69775K [0x000000076b100000, 0x0000000772c80000, 0x00000007c0000000)
  eden space 65536K, 100% used [0x000000076b100000,0x000000076f100000,0x000000076f100000)
  from space 10752K, 39% used [0x000000076fb80000,0x000000076ffa3d68,0x0000000770600000)
  to   space 10752K, 0% used [0x000000076f100000,0x000000076f100000,0x000000076fb80000)
 ParOldGen       total 96256K, used 6463K [0x00000006c1200000, 0x00000006c7000000, 0x000000076b100000)
  object space 96256K, 6% used [0x00000006c1200000,0x00000006c184fd70,0x00000006c7000000)
 Metaspace       used 25323K, capacity 26938K, committed 27264K, reserved 1073152K
  class space    used 3368K, capacity 3691K, committed 3712K, reserved 1048576K
Event: 2.574 GC heap after
Heap after GC invocations=6 (full 1):
 PSYoungGen      total 76288K, used 6158K [0x000000076b100000, 0x0000000772a00000, 0x00000007c0000000)
  eden space 65536K, 0% used [0x000000076b100000,0x000000076b100000,0x000000076f100000)
  from space 10752K, 57% used [0x000000076f100000,0x000000076f703ae8,0x000000076fb80000)
  to   space 9728K, 0% used [0x0000000772080000,0x0000000772080000,0x0000000772a00000)
 ParOldGen       total 96256K, used 6471K [0x00000006c1200000, 0x00000006c7000000, 0x000000076b100000)
  object space 96256K, 6% used [0x00000006c1200000,0x00000006c1851d70,0x00000006c7000000)
 Metaspace       used 25323K, capacity 26938K, committed 27264K, reserved 1073152K
  class space    used 3368K, capacity 3691K, committed 3712K, reserved 1048576K
}
Event: 3.151 GC heap before
{Heap before GC invocations=7 (full 1):
 PSYoungGen      total 76288K, used 71694K [0x000000076b100000, 0x0000000772a00000, 0x00000007c0000000)
  eden space 65536K, 100% used [0x000000076b100000,0x000000076f100000,0x000000076f100000)
  from space 10752K, 57% used [0x000000076f100000,0x000000076f703ae8,0x000000076fb80000)
  to   space 9728K, 0% used [0x0000000772080000,0x0000000772080000,0x0000000772a00000)
 ParOldGen       total 96256K, used 6471K [0x00000006c1200000, 0x00000006c7000000, 0x000000076b100000)
  object space 96256K, 6% used [0x00000006c1200000,0x00000006c1851d70,0x00000006c7000000)
 Metaspace       used 28740K, capacity 30588K, committed 30720K, reserved 1075200K
  class space    used 3863K, capacity 4234K, committed 4352K, reserved 1048576K
Event: 3.159 GC heap after
Heap after GC invocations=7 (full 1):
 PSYoungGen      total 113152K, used 8218K [0x000000076b100000, 0x0000000772a00000, 0x00000007c0000000)
  eden space 103424K, 0% used [0x000000076b100000,0x000000076b100000,0x0000000771600000)
  from space 9728K, 84% used [0x0000000772080000,0x0000000772886a98,0x0000000772a00000)
  to   space 10240K, 0% used [0x0000000771600000,0x0000000771600000,0x0000000772000000)
 ParOldGen       total 96256K, used 6479K [0x00000006c1200000, 0x00000006c7000000, 0x000000076b100000)
  object space 96256K, 6% used [0x00000006c1200000,0x00000006c1853d70,0x00000006c7000000)
 Metaspace       used 28740K, capacity 30588K, committed 30720K, reserved 1075200K
  class space    used 3863K, capacity 4234K, committed 4352K, reserved 1048576K
}
Event: 4.090 GC heap before
{Heap before GC invocations=8 (full 1):
 PSYoungGen      total 113152K, used 89077K [0x000000076b100000, 0x0000000772a00000, 0x00000007c0000000)
  eden space 103424K, 78% used [0x000000076b100000,0x000000076fff6cb0,0x0000000771600000)
  from space 9728K, 84% used [0x0000000772080000,0x0000000772886a98,0x0000000772a00000)
  to   space 10240K, 0% used [0x0000000771600000,0x0000000771600000,0x0000000772000000)
 ParOldGen       total 96256K, used 6479K [0x00000006c1200000, 0x00000006c7000000, 0x000000076b100000)
  object space 96256K, 6% used [0x00000006c1200000,0x00000006c1853d70,0x00000006c7000000)
 Metaspace       used 33082K, capacity 35320K, committed 35456K, reserved 1079296K
  class space    used 4477K, capacity 4890K, committed 4992K, reserved 1048576K
Event: 4.100 GC heap after
Heap after GC invocations=8 (full 1):
 PSYoungGen      total 113664K, used 10229K [0x000000076b100000, 0x0000000772a00000, 0x00000007c0000000)
  eden space 103424K, 0% used [0x000000076b100000,0x000000076b100000,0x0000000771600000)
  from space 10240K, 99% used [0x0000000771600000,0x0000000771ffd600,0x0000000772000000)
  to   space 9728K, 0% used [0x0000000772080000,0x0000000772080000,0x0000000772a00000)
 ParOldGen       total 96256K, used 6487K [0x00000006c1200000, 0x00000006c7000000, 0x000000076b100000)
  object space 96256K, 6% used [0x00000006c1200000,0x00000006c1855d70,0x00000006c7000000)
 Metaspace       used 33082K, capacity 35320K, committed 35456K, reserved 1079296K
  class space    used 4477K, capacity 4890K, committed 4992K, reserved 1048576K
}
Event: 4.100 GC heap before
{Heap before GC invocations=9 (full 2):
 PSYoungGen      total 113664K, used 10229K [0x000000076b100000, 0x0000000772a00000, 0x00000007c0000000)
  eden space 103424K, 0% used [0x000000076b100000,0x000000076b100000,0x0000000771600000)
  from space 10240K, 99% used [0x0000000771600000,0x0000000771ffd600,0x0000000772000000)
  to   space 9728K, 0% used [0x0000000772080000,0x0000000772080000,0x0000000772a00000)
 ParOldGen       total 96256K, used 6487K [0x00000006c1200000, 0x00000006c7000000, 0x000000076b100000)
  object space 96256K, 6% used [0x00000006c1200000,0x00000006c1855d70,0x00000006c7000000)
 Metaspace       used 33082K, capacity 35320K, committed 35456K, reserved 1079296K
  class space    used 4477K, capacity 4890K, committed 4992K, reserved 1048576K
Event: 4.143 GC heap after
Heap after GC invocations=9 (full 2):
 PSYoungGen      total 113664K, used 0K [0x000000076b100000, 0x0000000772a00000, 0x00000007c0000000)
  eden space 103424K, 0% used [0x000000076b100000,0x000000076b100000,0x0000000771600000)
  from space 10240K, 0% used [0x0000000771600000,0x0000000771600000,0x0000000772000000)
  to   space 9728K, 0% used [0x0000000772080000,0x0000000772080000,0x0000000772a00000)
 ParOldGen       total 96256K, used 14922K [0x00000006c1200000, 0x00000006c7000000, 0x000000076b100000)
  object space 96256K, 15% used [0x00000006c1200000,0x00000006c2092ac8,0x00000006c7000000)
 Metaspace       used 33082K, capacity 35320K, committed 35456K, reserved 1079296K
  class space    used 4477K, capacity 4890K, committed 4992K, reserved 1048576K
}

Deoptimization events (10 events):
Event: 4.425 Thread 0x0000000024a9d800 Uncommon trap: reason=unstable_if action=reinterpret pc=0x0000000002ca6e94 method=java.io.WinNTFileSystem.resolve(Ljava/lang/String;Ljava/lang/String;)Ljava/lang/String; @ 19
Event: 4.456 Thread 0x00000000024ce000 Uncommon trap: reason=class_check action=maybe_recompile pc=0x000000000301c4ac method=java.util.concurrent.ConcurrentHashMap.putVal(Ljava/lang/Object;Ljava/lang/Object;Z)Ljava/lang/Object; @ 192
Event: 4.458 Thread 0x00000000024ce000 Uncommon trap: reason=class_check action=maybe_recompile pc=0x000000000301c4ac method=java.util.concurrent.ConcurrentHashMap.putVal(Ljava/lang/Object;Ljava/lang/Object;Z)Ljava/lang/Object; @ 192
Event: 4.477 Thread 0x00000000024ce000 Uncommon trap: reason=bimorphic action=maybe_recompile pc=0x00000000032d319c method=org.springframework.beans.factory.support.AbstractAutowireCapableBeanFactory.predictBeanType(Ljava/lang/String;Lorg/springframework/beans/factory/support/RootBeanDefinitio
Event: 4.477 Thread 0x00000000024ce000 Uncommon trap: reason=bimorphic action=maybe_recompile pc=0x00000000032d319c method=org.springframework.beans.factory.support.AbstractAutowireCapableBeanFactory.predictBeanType(Ljava/lang/String;Lorg/springframework/beans/factory/support/RootBeanDefinitio
Event: 4.477 Thread 0x00000000024ce000 Uncommon trap: reason=bimorphic action=maybe_recompile pc=0x00000000032d319c method=org.springframework.beans.factory.support.AbstractAutowireCapableBeanFactory.predictBeanType(Ljava/lang/String;Lorg/springframework/beans/factory/support/RootBeanDefinitio
Event: 4.477 Thread 0x00000000024ce000 Uncommon trap: reason=bimorphic action=maybe_recompile pc=0x00000000032d319c method=org.springframework.beans.factory.support.AbstractAutowireCapableBeanFactory.predictBeanType(Ljava/lang/String;Lorg/springframework/beans/factory/support/RootBeanDefinitio
Event: 4.484 Thread 0x00000000024ce000 Uncommon trap: reason=null_check action=make_not_entrant pc=0x0000000002f08130 method=org.springframework.util.ClassUtils.isAssignable(Ljava/lang/Class;Ljava/lang/Class;)Z @ 14
Event: 4.485 Thread 0x00000000024ce000 Uncommon trap: reason=bimorphic action=maybe_recompile pc=0x0000000002fd3e18 method=java.util.Collections$SetFromMap.contains(Ljava/lang/Object;)Z @ 5
Event: 4.606 Thread 0x00000000024ce000 Uncommon trap: reason=unstable_if action=reinterpret pc=0x0000000002cba670 method=java.util.Properties.loadConvert([CII[C)Ljava/lang/String; @ 445

Classes redefined (0 events):
No events

Internal exceptions (10 events):
Event: 4.513 Thread 0x00000000024ce000 Exception <a 'java/lang/ClassNotFoundException': org/springframework/boot/autoconfigure/orm/jpa/JpaBaseConfigurationCustomizer> (0x000000076dce9298) thrown at [C:\re\workspace\8-2-build-windows-amd64-cygwin\jdk8u221\13320\hotspot\src\share\vm\classfile\sy
Event: 4.515 Thread 0x00000000024ce000 Exception <a 'java/lang/ClassNotFoundException': org/springframework/boot/autoconfigure/orm/jpa/HibernateJpaConfigurationCustomizer> (0x000000076dd2ed88) thrown at [C:\re\workspace\8-2-build-windows-amd64-cygwin\jdk8u221\13320\hotspot\src\share\vm\classfi
Event: 4.516 Thread 0x00000000024ce000 Exception <a 'java/lang/ClassNotFoundException': org/springframework/beans/factory/BeanFactoryAwareCustomizer> (0x000000076dd5b700) thrown at [C:\re\workspace\8-2-build-windows-amd64-cygwin\jdk8u221\13320\hotspot\src\share\vm\classfile\systemDictionary.cp
Event: 4.517 Thread 0x00000000024ce000 Exception <a 'java/lang/ClassNotFoundException': org/springframework/beans/factory/AwareCustomizer> (0x000000076dd80d80) thrown at [C:\re\workspace\8-2-build-windows-amd64-cygwin\jdk8u221\13320\hotspot\src\share\vm\classfile\systemDictionary.cpp, line 210
Event: 4.533 Thread 0x00000000024ce000 Exception <a 'java/lang/ClassNotFoundException': java/lang/ObjectCustomizer> (0x000000076deae850) thrown at [C:\re\workspace\8-2-build-windows-amd64-cygwin\jdk8u221\13320\hotspot\src\share\vm\classfile\systemDictionary.cpp, line 210]
Event: 4.534 Thread 0x00000000024ce000 Exception <a 'java/lang/ClassNotFoundException': org/springframework/orm/jpa/vendor/AbstractJpaVendorAdapterCustomizer> (0x000000076dee0fe0) thrown at [C:\re\workspace\8-2-build-windows-amd64-cygwin\jdk8u221\13320\hotspot\src\share\vm\classfile\systemDict
Event: 4.535 Thread 0x00000000024ce000 Exception <a 'java/lang/ClassNotFoundException': org/springframework/orm/jpa/vendor/HibernateJpaVendorAdapterCustomizer> (0x000000076df20a28) thrown at [C:\re\workspace\8-2-build-windows-amd64-cygwin\jdk8u221\13320\hotspot\src\share\vm\classfile\systemDic
Event: 4.537 Thread 0x00000000024ce000 Exception <a 'java/lang/ClassNotFoundException': org/springframework/orm/jpa/JpaVendorAdapterCustomizer> (0x000000076df6cc00) thrown at [C:\re\workspace\8-2-build-windows-amd64-cygwin\jdk8u221\13320\hotspot\src\share\vm\classfile\systemDictionary.cpp, lin
Event: 4.543 Thread 0x00000000024ce000 Exception <a 'java/lang/ClassNotFoundException': java/lang/ObjectCustomizer> (0x000000076dfc40b0) thrown at [C:\re\workspace\8-2-build-windows-amd64-cygwin\jdk8u221\13320\hotspot\src\share\vm\classfile\systemDictionary.cpp, line 210]
Event: 4.544 Thread 0x00000000024ce000 Exception <a 'java/lang/ClassNotFoundException': org/springframework/boot/orm/jpa/EntityManagerFactoryBuilderCustomizer> (0x000000076dff5e90) thrown at [C:\re\workspace\8-2-build-windows-amd64-cygwin\jdk8u221\13320\hotspot\src\share\vm\classfile\systemDic

Events (10 events):
Event: 4.668 loading class com/mysql/cj/jdbc/result/ResultSetInternalMethods
Event: 4.668 loading class com/mysql/cj/jdbc/result/ResultSetInternalMethods done
Event: 4.668 loading class java/sql/ResultSet
Event: 4.669 loading class java/sql/ResultSet done
Event: 4.669 loading class com/mysql/cj/protocol/ResultsetRowsOwner
Event: 4.669 loading class com/mysql/cj/protocol/ResultsetRowsOwner done
Event: 4.669 loading class com/mysql/cj/protocol/Resultset
Event: 4.669 loading class com/mysql/cj/protocol/Resultset done
Event: 4.671 loading class com/mysql/cj/WarningListener
Event: 4.671 loading class com/mysql/cj/WarningListener done


Dynamic libraries:
0x00007ff66ed80000 - 0x00007ff66edb7000 	C:\Program Files\Java\jdk1.8.0_221\jre\bin\java.exe
0x00007ffd03110000 - 0x00007ffd03305000 	C:\Windows\SYSTEM32\ntdll.dll
0x00007ffd01490000 - 0x00007ffd0154d000 	C:\Windows\System32\KERNEL32.DLL
0x00007ffd00a60000 - 0x00007ffd00d28000 	C:\Windows\System32\KERNELBASE.dll
0x00007ffd02ea0000 - 0x00007ffd02f4c000 	C:\Windows\System32\ADVAPI32.dll
0x00007ffd01690000 - 0x00007ffd0172e000 	C:\Windows\System32\msvcrt.dll
0x00007ffd022f0000 - 0x00007ffd0238b000 	C:\Windows\System32\sechost.dll
0x00007ffd02620000 - 0x00007ffd0274b000 	C:\Windows\System32\RPCRT4.dll
0x00007ffd01200000 - 0x00007ffd013a0000 	C:\Windows\System32\USER32.dll
0x00007ffd00eb0000 - 0x00007ffd00ed2000 	C:\Windows\System32\win32u.dll
0x00007ffd011d0000 - 0x00007ffd011fa000 	C:\Windows\System32\GDI32.dll
0x00007ffd00f60000 - 0x00007ffd0106b000 	C:\Windows\System32\gdi32full.dll
0x00007ffd01070000 - 0x00007ffd0110d000 	C:\Windows\System32\msvcp_win.dll
0x00007ffd00db0000 - 0x00007ffd00eb0000 	C:\Windows\System32\ucrtbase.dll
0x00007ffcf3d00000 - 0x00007ffcf3f9a000 	C:\Windows\WinSxS\amd64_microsoft.windows.common-controls_6595b64144ccf1df_6.0.19041.844_none_ca00b6081b84eb1d\COMCTL32.dll
0x00007ffd01190000 - 0x00007ffd011c0000 	C:\Windows\System32\IMM32.DLL
0x00000000629c0000 - 0x0000000062a92000 	C:\Program Files\Java\jdk1.8.0_221\jre\bin\msvcr100.dll
0x0000000062110000 - 0x00000000629b5000 	C:\Program Files\Java\jdk1.8.0_221\jre\bin\server\jvm.dll
0x00007ffd011c0000 - 0x00007ffd011c8000 	C:\Windows\System32\PSAPI.DLL
0x00007ffcf2080000 - 0x00007ffcf2089000 	C:\Windows\SYSTEM32\WSOCK32.dll
0x00007ffcf9ff0000 - 0x00007ffcf9ffa000 	C:\Windows\SYSTEM32\VERSION.dll
0x00007ffcf6710000 - 0x00007ffcf6737000 	C:\Windows\SYSTEM32\WINMM.dll
0x00007ffd01de0000 - 0x00007ffd01e4b000 	C:\Windows\System32\WS2_32.dll
0x00007ffcfc050000 - 0x00007ffcfc05f000 	C:\Program Files\Java\jdk1.8.0_221\jre\bin\verify.dll
0x00007ffcf8c70000 - 0x00007ffcf8c99000 	C:\Program Files\Java\jdk1.8.0_221\jre\bin\java.dll
0x00007ffcfbb00000 - 0x00007ffcfbb16000 	C:\Program Files\Java\jdk1.8.0_221\jre\bin\zip.dll
0x00007ffd02750000 - 0x00007ffd02e92000 	C:\Windows\System32\SHELL32.dll
0x00007ffcfe5d0000 - 0x00007ffcfed60000 	C:\Windows\SYSTEM32\windows.storage.dll
0x00007ffd01f90000 - 0x00007ffd022e5000 	C:\Windows\System32\combase.dll
0x00007ffd001f0000 - 0x00007ffd0021c000 	C:\Windows\SYSTEM32\Wldp.dll
0x00007ffd01ba0000 - 0x00007ffd01c4e000 	C:\Windows\System32\SHCORE.dll
0x00007ffd01d80000 - 0x00007ffd01dd5000 	C:\Windows\System32\shlwapi.dll
0x00007ffd00790000 - 0x00007ffd007af000 	C:\Windows\SYSTEM32\profapi.dll
0x00007ffcfbbf0000 - 0x00007ffcfbbfd000 	C:\Program Files\Java\jdk1.8.0_221\jre\bin\management.dll
0x00007ffcfa700000 - 0x00007ffcfa71a000 	C:\Program Files\Java\jdk1.8.0_221\jre\bin\net.dll
0x00007ffcecf80000 - 0x00007ffced16e000 	C:\Windows\SYSTEM32\urlmon.dll
0x00007ffcecb70000 - 0x00007ffcece20000 	C:\Windows\SYSTEM32\iertutil.dll
0x00007ffcfff60000 - 0x00007ffcfffca000 	C:\Windows\system32\mswsock.dll
0x00007ffcf6de0000 - 0x00007ffcf6df2000 	C:\Program Files\Java\jdk1.8.0_221\jre\bin\nio.dll
0x00007ffcee050000 - 0x00007ffcee067000 	C:\Windows\system32\napinsp.dll
0x00007ffcedf00000 - 0x00007ffcedf1b000 	C:\Windows\system32\pnrpnsp.dll
0x00007ffcfb850000 - 0x00007ffcfb865000 	C:\Windows\system32\wshbth.dll
0x00007ffcfbd00000 - 0x00007ffcfbd1d000 	C:\Windows\system32\NLAapi.dll
0x00007ffcffc50000 - 0x00007ffcffc8b000 	C:\Windows\SYSTEM32\IPHLPAPI.DLL
0x00007ffcffc90000 - 0x00007ffcffd5c000 	C:\Windows\SYSTEM32\DNSAPI.dll
0x00007ffd01f80000 - 0x00007ffd01f88000 	C:\Windows\System32\NSI.dll
0x00007ffcedb40000 - 0x00007ffcedb52000 	C:\Windows\System32\winrnr.dll
0x00007ffcf92a0000 - 0x00007ffcf92aa000 	C:\Windows\System32\rasadhlp.dll
0x00007ffcf6090000 - 0x00007ffcf610f000 	C:\Windows\System32\fwpuclnt.dll
0x00007ffd00d30000 - 0x00007ffd00d57000 	C:\Windows\System32\bcrypt.dll

VM Arguments:
java_command: C:\Users\super\AppData\Local\Temp\surefire3911899090153123616\surefirebooter4874640259913975696.jar C:\Users\super\AppData\Local\Temp\surefire3911899090153123616 2021-06-02T07-13-43_651-jvmRun1 surefire4706702054877543158tmp surefire_07543662370891524169tmp
java_class_path (initial): C:\Users\super\AppData\Local\Temp\surefire3911899090153123616\surefirebooter4874640259913975696.jar
Launcher Type: SUN_STANDARD

Environment Variables:
PATH=C:\Program Files (x86)\Common Files\Oracle\Java\javapath;C:\Windows\system32;C:\Windows;C:\Windows\System32\Wbem;C:\Windows\System32\WindowsPowerShell\v1.0\;C:\Windows\System32\OpenSSH\;C:\Program Files\Git\cmd;C:\Program Files\Microsoft SQL Server\130\Tools\Binn\;C:\Program Files (x86)\Microsoft SQL Server\150\DTS\Binn\;C:\Program Files\dotnet\;C:\Program Files\Microsoft SQL Server\Client SDK\ODBC\170\Tools\Binn\;C:\Program Files\TortoiseGit\bin;C:\Program Files (x86)\nodejs\;C:\Users\super\AppData\Local\Microsoft\WindowsApps;;C:\Users\super\AppData\Local\Programs\Microsoft VS Code\bin;C:\Users\super\.dotnet\tools;C:\Users\super\AppData\Roaming\npm
USERNAME=super
OS=Windows_NT
PROCESSOR_IDENTIFIER=Intel64 Family 6 Model 94 Stepping 3, GenuineIntel



---------------  S Y S T E M  ---------------

OS: Windows 10.0 , 64 bit Build 19041 (10.0.19041.928)

CPU:total 8 (initial active 8) (4 cores per cpu, 2 threads per core) family 6 model 94 stepping 3, cmov, cx8, fxsr, mmx, sse, sse2, sse3, ssse3, sse4.1, sse4.2, popcnt, avx, avx2, aes, clmul, erms, rtm, 3dnowpref, lzcnt, ht, tsc, tscinvbit, bmi1, bmi2, adx

Memory: 4k page, physical 16698144k(3121380k free), swap 16698144k(5128k free)

vm_info: Java HotSpot(TM) 64-Bit Server VM (25.221-b11) for windows-amd64 JRE (1.8.0_221-b11), built on Jul  4 2019 04:39:29 by "java_re" with MS VC++ 10.0 (VS2010)

time: Wed Jun 02 07:13:48 2021
timezone: Hora de verano central (México)
elapsed time: 4 seconds (0d 0h 0m 4s)

