#
# There is insufficient memory for the Java Runtime Environment to continue.
# Native memory allocation (malloc) failed to allocate 218096 bytes for Chunk::new
# Possible reasons:
#   The system is out of physical RAM or swap space
#   The process is running with CompressedOops enabled, and the Java Heap may be blocking the growth of the native heap
# Possible solutions:
#   Reduce memory load on the system
#   Increase physical memory or swap space
#   Check if swap backing store is full
#   Decrease Java heap size (-Xmx/-Xms)
#   Decrease number of Java threads
#   Decrease Java thread stack sizes (-Xss)
#   Set larger code cache with -XX:ReservedCodeCacheSize=
#   JVM is running with Zero Based Compressed Oops mode in which the Java heap is
#     placed in the first 32GB address space. The Java Heap base address is the
#     maximum limit for the native heap growth. Please use -XX:HeapBaseMinAddress
#     to set the Java Heap base and to place the Java Heap above 32GB virtual address.
# This output file may be truncated or incomplete.
#
#  Out of Memory Error (allocation.cpp:389), pid=20388, tid=0x0000000000004e74
#
# JRE version: Java(TM) SE Runtime Environment (8.0_221-b11) (build 1.8.0_221-b11)
# Java VM: Java HotSpot(TM) 64-Bit Server VM (25.221-b11 mixed mode windows-amd64 compressed oops)
# Failed to write core dump. Minidumps are not enabled by default on client versions of Windows
#

---------------  T H R E A D  ---------------

Current thread (0x000000001e7a6800):  JavaThread "C2 CompilerThread1" daemon [_thread_in_native, id=20084, stack(0x000000001f220000,0x000000001f320000)]

Stack: [0x000000001f220000,0x000000001f320000]
[error occurred during error reporting (printing stack bounds), id 0xc0000005]

Native frames: (J=compiled Java code, j=interpreted, Vv=VM code, C=native code)


Current CompileTask:
C2:  13387 5696   !   4       java.io.BufferedReader::readLine (304 bytes)


---------------  P R O C E S S  ---------------

Java Threads: ( => current thread )
  0x000000002079a800 JavaThread "Thread-5" [_thread_in_native, id=9420, stack(0x0000000025e30000,0x0000000025f30000)]
  0x0000000021247000 JavaThread "Thread-4" [_thread_in_native, id=22440, stack(0x0000000025d30000,0x0000000025e30000)]
  0x0000000021246800 JavaThread "Thread-3" [_thread_blocked, id=9432, stack(0x0000000025c30000,0x0000000025d30000)]
  0x0000000021245800 JavaThread "ThreadedStreamConsumer" daemon [_thread_blocked, id=18636, stack(0x0000000025b30000,0x0000000025c30000)]
  0x0000000021245000 JavaThread "ping-timer-10s" daemon [_thread_blocked, id=11348, stack(0x0000000025930000,0x0000000025a30000)]
  0x0000000021244000 JavaThread "timeout-check-timer" daemon [_thread_blocked, id=21340, stack(0x0000000025830000,0x0000000025930000)]
  0x0000000023f32800 JavaThread "resolver-5" daemon [_thread_blocked, id=8300, stack(0x0000000025730000,0x0000000025830000)]
  0x0000000022aff000 JavaThread "resolver-4" daemon [_thread_blocked, id=22300, stack(0x0000000025630000,0x0000000025730000)]
  0x0000000020b7f000 JavaThread "resolver-3" daemon [_thread_blocked, id=16912, stack(0x0000000025530000,0x0000000025630000)]
  0x000000001ea5b000 JavaThread "resolver-2" daemon [_thread_blocked, id=19212, stack(0x0000000025430000,0x0000000025530000)]
  0x0000000020eab800 JavaThread "resolver-1" daemon [_thread_blocked, id=14592, stack(0x0000000023d40000,0x0000000023e40000)]
  0x000000001e83d800 JavaThread "Service Thread" daemon [_thread_blocked, id=14804, stack(0x000000001f520000,0x000000001f620000)]
  0x000000001e7bb000 JavaThread "C1 CompilerThread3" daemon [_thread_blocked, id=8840, stack(0x000000001f420000,0x000000001f520000)]
  0x000000001e7ab000 JavaThread "C2 CompilerThread2" daemon [_thread_blocked, id=8952, stack(0x000000001f320000,0x000000001f420000)]
=>0x000000001e7a6800 JavaThread "C2 CompilerThread1" daemon [_thread_in_native, id=20084, stack(0x000000001f220000,0x000000001f320000)]
  0x000000001e7a3800 JavaThread "C2 CompilerThread0" daemon [_thread_blocked, id=8768, stack(0x000000001f120000,0x000000001f220000)]
  0x000000001e7a0000 JavaThread "Monitor Ctrl-Break" daemon [_thread_in_native, id=7800, stack(0x000000001f020000,0x000000001f120000)]
  0x000000001e731000 JavaThread "Attach Listener" daemon [_thread_blocked, id=11480, stack(0x000000001ef20000,0x000000001f020000)]
  0x000000001c92e000 JavaThread "Signal Dispatcher" daemon [_thread_blocked, id=15472, stack(0x000000001ee20000,0x000000001ef20000)]
  0x0000000002ea8000 JavaThread "Finalizer" daemon [_thread_blocked, id=7364, stack(0x000000001ec00000,0x000000001ed00000)]
  0x000000001e720800 JavaThread "Reference Handler" daemon [_thread_blocked, id=7852, stack(0x000000001eb00000,0x000000001ec00000)]
  0x0000000002db2800 JavaThread "main" [_thread_in_native, id=15280, stack(0x0000000002a50000,0x0000000002b50000)]

Other Threads:
  0x000000001c919800 VMThread [stack: 0x000000001e600000,0x000000001e700000] [id=20672]
  0x000000001e865000 WatcherThread [stack: 0x000000001f620000,0x000000001f720000] [id=3148]

VM state:not at safepoint (normal execution)

VM Mutex/Monitor currently owned by a thread: None

heap address: 0x00000006c1200000, size: 4078 MB, Compressed Oops mode: Zero based, Oop shift amount: 3
Narrow klass base: 0x0000000000000000, Narrow klass shift: 3
Compressed class space size: 1073741824 Address: 0x00000007c0000000

Heap:
 PSYoungGen      total 279040K, used 23438K [0x000000076b100000, 0x0000000786c00000, 0x00000007c0000000)
  eden space 262144K, 2% used [0x000000076b100000,0x000000076b7671c0,0x000000077b100000)
  from space 16896K, 99% used [0x000000077b100000,0x000000077c17c6b8,0x000000077c180000)
  to   space 23040K, 0% used [0x0000000785580000,0x0000000785580000,0x0000000786c00000)
 ParOldGen       total 115712K, used 27020K [0x00000006c1200000, 0x00000006c8300000, 0x000000076b100000)
  object space 115712K, 23% used [0x00000006c1200000,0x00000006c2c632b0,0x00000006c8300000)
 Metaspace       used 26286K, capacity 26900K, committed 27056K, reserved 1073152K
  class space    used 2969K, capacity 3172K, committed 3248K, reserved 1048576K

Card table byte_map: [0x0000000012270000,0x0000000012a70000] byte_map_base: 0x000000000ec67000

Marking Bits: (ParMarkBitMap*) 0x0000000062935ce0
 Begin Bits: [0x00000000137c0000, 0x0000000017778000)
 End Bits:   [0x0000000017778000, 0x000000001b730000)

Polling page: 0x0000000002b50000

CodeCache: size=245760Kb used=17960Kb max_used=18110Kb free=227799Kb
 bounds [0x0000000002eb0000, 0x0000000004080000, 0x0000000011eb0000]
 total_blobs=5471 nmethods=5030 adapters=353
 compilation: enabled

Compilation events (10 events):
Event: 12.065 Thread 0x000000001e7bb000 nmethod 5692 0x0000000003b26950 code [0x0000000003b26ac0, 0x0000000003b26ce8]
Event: 12.107 Thread 0x000000001e7ab000 5693       4       java.nio.ByteBuffer::hasArray (20 bytes)
Event: 12.108 Thread 0x000000001e7ab000 nmethod 5693 0x00000000030c8a50 code [0x00000000030c8b80, 0x00000000030c8c18]
Event: 13.372 Thread 0x000000001e7bb000 5694       3       java.util.concurrent.locks.ReentrantLock::lockInterruptibly (9 bytes)
Event: 13.373 Thread 0x000000001e7bb000 nmethod 5694 0x0000000003305190 code [0x0000000003305340, 0x0000000003305858]
Event: 13.373 Thread 0x000000001e7bb000 5695       3       java.util.concurrent.locks.AbstractQueuedSynchronizer::acquireInterruptibly (28 bytes)
Event: 13.373 Thread 0x000000001e7bb000 nmethod 5695 0x00000000034a9b50 code [0x00000000034a9d00, 0x00000000034aa138]
Event: 13.373 Thread 0x000000001e7a6800 5696   !   4       java.io.BufferedReader::readLine (304 bytes)
Event: 13.379 Thread 0x000000001e7bb000 5697       3       java.util.Calendar::internalGet (7 bytes)
Event: 13.379 Thread 0x000000001e7bb000 nmethod 5697 0x00000000034ed310 code [0x00000000034ed460, 0x00000000034ed5d0]

GC Heap History (10 events):
Event: 3.943 GC heap before
{Heap before GC invocations=4 (full 0):
 PSYoungGen      total 76288K, used 76256K [0x000000076b100000, 0x0000000774600000, 0x00000007c0000000)
  eden space 65536K, 100% used [0x000000076b100000,0x000000076f100000,0x000000076f100000)
  from space 10752K, 99% used [0x000000076f100000,0x000000076fb78020,0x000000076fb80000)
  to   space 10752K, 0% used [0x0000000773b80000,0x0000000773b80000,0x0000000774600000)
 ParOldGen       total 175104K, used 2317K [0x00000006c1200000, 0x00000006cbd00000, 0x000000076b100000)
  object space 175104K, 1% used [0x00000006c1200000,0x00000006c14435b8,0x00000006cbd00000)
 Metaspace       used 16598K, capacity 17070K, committed 17280K, reserved 1064960K
  class space    used 1933K, capacity 2054K, committed 2176K, reserved 1048576K
Event: 3.962 GC heap after
Heap after GC invocations=4 (full 0):
 PSYoungGen      total 141824K, used 10736K [0x000000076b100000, 0x0000000774600000, 0x00000007c0000000)
  eden space 131072K, 0% used [0x000000076b100000,0x000000076b100000,0x0000000773100000)
  from space 10752K, 99% used [0x0000000773b80000,0x00000007745fc050,0x0000000774600000)
  to   space 10752K, 0% used [0x0000000773100000,0x0000000773100000,0x0000000773b80000)
 ParOldGen       total 175104K, used 4942K [0x00000006c1200000, 0x00000006cbd00000, 0x000000076b100000)
  object space 175104K, 2% used [0x00000006c1200000,0x00000006c16d3bf8,0x00000006cbd00000)
 Metaspace       used 16598K, capacity 17070K, committed 17280K, reserved 1064960K
  class space    used 1933K, capacity 2054K, committed 2176K, reserved 1048576K
}
Event: 5.335 GC heap before
{Heap before GC invocations=5 (full 0):
 PSYoungGen      total 141824K, used 141808K [0x000000076b100000, 0x0000000774600000, 0x00000007c0000000)
  eden space 131072K, 100% used [0x000000076b100000,0x0000000773100000,0x0000000773100000)
  from space 10752K, 99% used [0x0000000773b80000,0x00000007745fc050,0x0000000774600000)
  to   space 10752K, 0% used [0x0000000773100000,0x0000000773100000,0x0000000773b80000)
 ParOldGen       total 175104K, used 4942K [0x00000006c1200000, 0x00000006cbd00000, 0x000000076b100000)
  object space 175104K, 2% used [0x00000006c1200000,0x00000006c16d3bf8,0x00000006cbd00000)
 Metaspace       used 18230K, capacity 18814K, committed 18944K, reserved 1067008K
  class space    used 2080K, capacity 2232K, committed 2304K, reserved 1048576K
Event: 5.349 GC heap after
Heap after GC invocations=5 (full 0):
 PSYoungGen      total 141824K, used 10736K [0x000000076b100000, 0x000000077d300000, 0x00000007c0000000)
  eden space 131072K, 0% used [0x000000076b100000,0x000000076b100000,0x0000000773100000)
  from space 10752K, 99% used [0x0000000773100000,0x0000000773b7c030,0x0000000773b80000)
  to   space 17408K, 0% used [0x000000077c200000,0x000000077c200000,0x000000077d300000)
 ParOldGen       total 175104K, used 9498K [0x00000006c1200000, 0x00000006cbd00000, 0x000000076b100000)
  object space 175104K, 5% used [0x00000006c1200000,0x00000006c1b46888,0x00000006cbd00000)
 Metaspace       used 18230K, capacity 18814K, committed 18944K, reserved 1067008K
  class space    used 2080K, capacity 2232K, committed 2304K, reserved 1048576K
}
Event: 5.548 GC heap before
{Heap before GC invocations=6 (full 0):
 PSYoungGen      total 141824K, used 26487K [0x000000076b100000, 0x000000077d300000, 0x00000007c0000000)
  eden space 131072K, 12% used [0x000000076b100000,0x000000076c061dc0,0x0000000773100000)
  from space 10752K, 99% used [0x0000000773100000,0x0000000773b7c030,0x0000000773b80000)
  to   space 17408K, 0% used [0x000000077c200000,0x000000077c200000,0x000000077d300000)
 ParOldGen       total 175104K, used 9498K [0x00000006c1200000, 0x00000006cbd00000, 0x000000076b100000)
  object space 175104K, 5% used [0x00000006c1200000,0x00000006c1b46888,0x00000006cbd00000)
 Metaspace       used 20611K, capacity 21238K, committed 21296K, reserved 1069056K
  class space    used 2427K, capacity 2592K, committed 2608K, reserved 1048576K
Event: 5.558 GC heap after
Heap after GC invocations=6 (full 0):
 PSYoungGen      total 278528K, used 11679K [0x000000076b100000, 0x000000077d200000, 0x00000007c0000000)
  eden space 262144K, 0% used [0x000000076b100000,0x000000076b100000,0x000000077b100000)
  from space 16384K, 71% used [0x000000077c200000,0x000000077cd67fb0,0x000000077d200000)
  to   space 16896K, 0% used [0x000000077b100000,0x000000077b100000,0x000000077c180000)
 ParOldGen       total 175104K, used 9506K [0x00000006c1200000, 0x00000006cbd00000, 0x000000076b100000)
  object space 175104K, 5% used [0x00000006c1200000,0x00000006c1b48888,0x00000006cbd00000)
 Metaspace       used 20611K, capacity 21238K, committed 21296K, reserved 1069056K
  class space    used 2427K, capacity 2592K, committed 2608K, reserved 1048576K
}
Event: 5.558 GC heap before
{Heap before GC invocations=7 (full 1):
 PSYoungGen      total 278528K, used 11679K [0x000000076b100000, 0x000000077d200000, 0x00000007c0000000)
  eden space 262144K, 0% used [0x000000076b100000,0x000000076b100000,0x000000077b100000)
  from space 16384K, 71% used [0x000000077c200000,0x000000077cd67fb0,0x000000077d200000)
  to   space 16896K, 0% used [0x000000077b100000,0x000000077b100000,0x000000077c180000)
 ParOldGen       total 175104K, used 9506K [0x00000006c1200000, 0x00000006cbd00000, 0x000000076b100000)
  object space 175104K, 5% used [0x00000006c1200000,0x00000006c1b48888,0x00000006cbd00000)
 Metaspace       used 20611K, capacity 21238K, committed 21296K, reserved 1069056K
  class space    used 2427K, capacity 2592K, committed 2608K, reserved 1048576K
Event: 5.638 GC heap after
Heap after GC invocations=7 (full 1):
 PSYoungGen      total 278528K, used 0K [0x000000076b100000, 0x000000077d200000, 0x00000007c0000000)
  eden space 262144K, 0% used [0x000000076b100000,0x000000076b100000,0x000000077b100000)
  from space 16384K, 0% used [0x000000077c200000,0x000000077c200000,0x000000077d200000)
  to   space 16896K, 0% used [0x000000077b100000,0x000000077b100000,0x000000077c180000)
 ParOldGen       total 115712K, used 17852K [0x00000006c1200000, 0x00000006c8300000, 0x000000076b100000)
  object space 115712K, 15% used [0x00000006c1200000,0x00000006c236f168,0x00000006c8300000)
 Metaspace       used 20611K, capacity 21238K, committed 21296K, reserved 1069056K
  class space    used 2427K, capacity 2592K, committed 2608K, reserved 1048576K
}
Event: 9.239 GC heap before
{Heap before GC invocations=8 (full 1):
 PSYoungGen      total 278528K, used 262144K [0x000000076b100000, 0x000000077d200000, 0x00000007c0000000)
  eden space 262144K, 100% used [0x000000076b100000,0x000000077b100000,0x000000077b100000)
  from space 16384K, 0% used [0x000000077c200000,0x000000077c200000,0x000000077d200000)
  to   space 16896K, 0% used [0x000000077b100000,0x000000077b100000,0x000000077c180000)
 ParOldGen       total 115712K, used 17852K [0x00000006c1200000, 0x00000006c8300000, 0x000000076b100000)
  object space 115712K, 15% used [0x00000006c1200000,0x00000006c236f168,0x00000006c8300000)
 Metaspace       used 26132K, capacity 26772K, committed 27056K, reserved 1073152K
  class space    used 2952K, capacity 3172K, committed 3248K, reserved 1048576K
Event: 9.269 GC heap after
Heap after GC invocations=8 (full 1):
 PSYoungGen      total 279040K, used 16881K [0x000000076b100000, 0x0000000786c00000, 0x00000007c0000000)
  eden space 262144K, 0% used [0x000000076b100000,0x000000076b100000,0x000000077b100000)
  from space 16896K, 99% used [0x000000077b100000,0x000000077c17c6b8,0x000000077c180000)
  to   space 23040K, 0% used [0x0000000785580000,0x0000000785580000,0x0000000786c00000)
 ParOldGen       total 115712K, used 27020K [0x00000006c1200000, 0x00000006c8300000, 0x000000076b100000)
  object space 115712K, 23% used [0x00000006c1200000,0x00000006c2c632b0,0x00000006c8300000)
 Metaspace       used 26132K, capacity 26772K, committed 27056K, reserved 1073152K
  class space    used 2952K, capacity 3172K, committed 3248K, reserved 1048576K
}

Deoptimization events (10 events):
Event: 8.630 Thread 0x0000000002db2800 Uncommon trap: reason=class_check action=maybe_recompile pc=0x0000000003730cd0 method=java.util.Collections$UnmodifiableMap$UnmodifiableEntrySet$1.hasNext()Z @ 4
Event: 8.630 Thread 0x0000000002db2800 Uncommon trap: reason=class_check action=maybe_recompile pc=0x00000000037ac834 method=java.util.Collections$UnmodifiableMap$UnmodifiableEntrySet$1.next()Ljava/util/Map$Entry; @ 8
Event: 8.630 Thread 0x0000000002db2800 Uncommon trap: reason=class_check action=maybe_recompile pc=0x00000000037a2608 method=java.util.Collections$UnmodifiableMap$UnmodifiableEntrySet$UnmodifiableEntry.getKey()Ljava/lang/Object; @ 4
Event: 8.630 Thread 0x0000000002db2800 Uncommon trap: reason=class_check action=maybe_recompile pc=0x00000000037acdc8 method=java.util.Collections$UnmodifiableMap$UnmodifiableEntrySet$UnmodifiableEntry.getValue()Ljava/lang/Object; @ 4
Event: 8.630 Thread 0x0000000002db2800 Uncommon trap: reason=class_check action=maybe_recompile pc=0x0000000003730cd0 method=java.util.Collections$UnmodifiableMap$UnmodifiableEntrySet$1.hasNext()Z @ 4
Event: 8.630 Thread 0x0000000002db2800 Uncommon trap: reason=class_check action=maybe_recompile pc=0x00000000037ac834 method=java.util.Collections$UnmodifiableMap$UnmodifiableEntrySet$1.next()Ljava/util/Map$Entry; @ 8
Event: 8.630 Thread 0x0000000002db2800 Uncommon trap: reason=class_check action=maybe_recompile pc=0x00000000037a2608 method=java.util.Collections$UnmodifiableMap$UnmodifiableEntrySet$UnmodifiableEntry.getKey()Ljava/lang/Object; @ 4
Event: 8.630 Thread 0x0000000002db2800 Uncommon trap: reason=class_check action=maybe_recompile pc=0x00000000037acdc8 method=java.util.Collections$UnmodifiableMap$UnmodifiableEntrySet$UnmodifiableEntry.getValue()Ljava/lang/Object; @ 4
Event: 9.269 Thread 0x0000000021247000 Uncommon trap: reason=unstable_if action=reinterpret pc=0x0000000003bce2f4 method=java.io.BufferedReader.readLine(Z)Ljava/lang/String; @ 265
Event: 13.373 Thread 0x0000000021245800 Uncommon trap: reason=unstable_if action=reinterpret pc=0x0000000003a93aa4 method=java.util.Formatter$Conversion.isValid(C)Z @ 4

Classes redefined (0 events):
No events

Internal exceptions (10 events):
Event: 7.709 Thread 0x0000000002db2800 Exception <a 'java/io/FileNotFoundException'> (0x000000077582be60) thrown at [C:\re\workspace\8-2-build-windows-amd64-cygwin\jdk8u221\13320\hotspot\src\share\vm\prims\jni.cpp, line 710]
Event: 7.709 Thread 0x0000000002db2800 Exception <a 'java/io/FileNotFoundException'> (0x000000077582ce00) thrown at [C:\re\workspace\8-2-build-windows-amd64-cygwin\jdk8u221\13320\hotspot\src\share\vm\prims\jni.cpp, line 710]
Event: 7.709 Thread 0x0000000002db2800 Exception <a 'java/io/FileNotFoundException'> (0x000000077582dd98) thrown at [C:\re\workspace\8-2-build-windows-amd64-cygwin\jdk8u221\13320\hotspot\src\share\vm\prims\jni.cpp, line 710]
Event: 7.709 Thread 0x0000000002db2800 Exception <a 'java/io/FileNotFoundException'> (0x000000077582ed60) thrown at [C:\re\workspace\8-2-build-windows-amd64-cygwin\jdk8u221\13320\hotspot\src\share\vm\prims\jni.cpp, line 710]
Event: 7.710 Thread 0x0000000002db2800 Exception <a 'java/io/FileNotFoundException'> (0x000000077582fce0) thrown at [C:\re\workspace\8-2-build-windows-amd64-cygwin\jdk8u221\13320\hotspot\src\share\vm\prims\jni.cpp, line 710]
Event: 7.710 Thread 0x0000000002db2800 Exception <a 'java/io/FileNotFoundException'> (0x0000000775830c40) thrown at [C:\re\workspace\8-2-build-windows-amd64-cygwin\jdk8u221\13320\hotspot\src\share\vm\prims\jni.cpp, line 710]
Event: 7.711 Thread 0x0000000002db2800 Exception <a 'java/io/FileNotFoundException'> (0x0000000775831c08) thrown at [C:\re\workspace\8-2-build-windows-amd64-cygwin\jdk8u221\13320\hotspot\src\share\vm\prims\jni.cpp, line 710]
Event: 7.711 Thread 0x0000000002db2800 Exception <a 'java/io/FileNotFoundException'> (0x0000000775832ba8) thrown at [C:\re\workspace\8-2-build-windows-amd64-cygwin\jdk8u221\13320\hotspot\src\share\vm\prims\jni.cpp, line 710]
Event: 7.712 Thread 0x0000000002db2800 Exception <a 'java/io/FileNotFoundException'> (0x0000000775833b20) thrown at [C:\re\workspace\8-2-build-windows-amd64-cygwin\jdk8u221\13320\hotspot\src\share\vm\prims\jni.cpp, line 710]
Event: 8.250 Thread 0x0000000002db2800 Exception <a 'java/lang/NoSuchMethodError': org.apache.maven.execution.MavenExecutionRequest.getFailureBehavior()Ljava/lang/String;> (0x00000007770ee380) thrown at [C:\re\workspace\8-2-build-windows-amd64-cygwin\jdk8u221\13320\hotspot\src\share\vm\interpr

Events (10 events):
Event: 13.372 loading class org/apache/maven/plugin/surefire/booterclient/output/InPluginProcessDumpSingleton done
Event: 13.373 Thread 0x0000000021245800 Uncommon trap: trap_request=0xffffff65 fr.pc=0x0000000003a93aa4
Event: 13.373 Thread 0x0000000021245800 DEOPT PACKING pc=0x0000000003a93aa4 sp=0x0000000025c2ed70
Event: 13.373 Thread 0x0000000021245800 DEOPT UNPACKING pc=0x0000000002ef583b sp=0x0000000025c2eca8 mode 2
Event: 13.373 Thread 0x0000000021247000 DEOPT PACKING pc=0x00000000030465e0 sp=0x0000000025e2ee80
Event: 13.373 Thread 0x0000000021247000 DEOPT UNPACKING pc=0x0000000002ef7890 sp=0x0000000025e2ebf8 mode 0
Event: 13.374 loading class java/lang/Throwable$WrappedPrintWriter
Event: 13.375 loading class java/lang/Throwable$PrintStreamOrWriter
Event: 13.375 loading class java/lang/Throwable$PrintStreamOrWriter done
Event: 13.375 loading class java/lang/Throwable$WrappedPrintWriter done


Dynamic libraries:
0x00007ff752a00000 - 0x00007ff752a37000 	C:\Program Files\Java\jdk1.8.0_221\bin\java.exe
0x00007ffd03110000 - 0x00007ffd03305000 	C:\Windows\SYSTEM32\ntdll.dll
0x00007ffd01490000 - 0x00007ffd0154d000 	C:\Windows\System32\KERNEL32.DLL
0x00007ffd00a60000 - 0x00007ffd00d28000 	C:\Windows\System32\KERNELBASE.dll
0x00007ffd02ea0000 - 0x00007ffd02f4c000 	C:\Windows\System32\ADVAPI32.dll
0x00007ffd01690000 - 0x00007ffd0172e000 	C:\Windows\System32\msvcrt.dll
0x00007ffd022f0000 - 0x00007ffd0238b000 	C:\Windows\System32\sechost.dll
0x00007ffd02620000 - 0x00007ffd0274b000 	C:\Windows\System32\RPCRT4.dll
0x00007ffd01200000 - 0x00007ffd013a0000 	C:\Windows\System32\USER32.dll
0x00007ffd00eb0000 - 0x00007ffd00ed2000 	C:\Windows\System32\win32u.dll
0x00007ffd011d0000 - 0x00007ffd011fa000 	C:\Windows\System32\GDI32.dll
0x00007ffd00f60000 - 0x00007ffd0106b000 	C:\Windows\System32\gdi32full.dll
0x00007ffd01070000 - 0x00007ffd0110d000 	C:\Windows\System32\msvcp_win.dll
0x00007ffd00db0000 - 0x00007ffd00eb0000 	C:\Windows\System32\ucrtbase.dll
0x00007ffcf3d00000 - 0x00007ffcf3f9a000 	C:\Windows\WinSxS\amd64_microsoft.windows.common-controls_6595b64144ccf1df_6.0.19041.844_none_ca00b6081b84eb1d\COMCTL32.dll
0x00007ffd01190000 - 0x00007ffd011c0000 	C:\Windows\System32\IMM32.DLL
0x00000000629c0000 - 0x0000000062a92000 	C:\Program Files\Java\jdk1.8.0_221\jre\bin\msvcr100.dll
0x0000000062110000 - 0x00000000629b5000 	C:\Program Files\Java\jdk1.8.0_221\jre\bin\server\jvm.dll
0x00007ffd011c0000 - 0x00007ffd011c8000 	C:\Windows\System32\PSAPI.DLL
0x00007ffcf2080000 - 0x00007ffcf2089000 	C:\Windows\SYSTEM32\WSOCK32.dll
0x00007ffcf6710000 - 0x00007ffcf6737000 	C:\Windows\SYSTEM32\WINMM.dll
0x00007ffcf9ff0000 - 0x00007ffcf9ffa000 	C:\Windows\SYSTEM32\VERSION.dll
0x00007ffd01de0000 - 0x00007ffd01e4b000 	C:\Windows\System32\WS2_32.dll
0x00007ffcfc050000 - 0x00007ffcfc05f000 	C:\Program Files\Java\jdk1.8.0_221\jre\bin\verify.dll
0x00007ffcf8c70000 - 0x00007ffcf8c99000 	C:\Program Files\Java\jdk1.8.0_221\jre\bin\java.dll
0x00007ffcec050000 - 0x00007ffcec073000 	C:\Program Files\Java\jdk1.8.0_221\jre\bin\instrument.dll
0x00007ffcfbb00000 - 0x00007ffcfbb16000 	C:\Program Files\Java\jdk1.8.0_221\jre\bin\zip.dll
0x00007ffd02750000 - 0x00007ffd02e92000 	C:\Windows\System32\SHELL32.dll
0x00007ffcfe5d0000 - 0x00007ffcfed60000 	C:\Windows\SYSTEM32\windows.storage.dll
0x00007ffd01f90000 - 0x00007ffd022e5000 	C:\Windows\System32\combase.dll
0x00007ffd001f0000 - 0x00007ffd0021c000 	C:\Windows\SYSTEM32\Wldp.dll
0x00007ffd01ba0000 - 0x00007ffd01c4e000 	C:\Windows\System32\SHCORE.dll
0x00007ffd01d80000 - 0x00007ffd01dd5000 	C:\Windows\System32\shlwapi.dll
0x00007ffd00790000 - 0x00007ffd007af000 	C:\Windows\SYSTEM32\profapi.dll
0x00007ffcebf70000 - 0x00007ffcebf8a000 	C:\Program Files\JetBrains\IntelliJ IDEA Community Edition 2019.3.3\bin\breakgen64.dll
0x00007ffcfa700000 - 0x00007ffcfa71a000 	C:\Program Files\Java\jdk1.8.0_221\jre\bin\net.dll
0x00007ffcecf80000 - 0x00007ffced16e000 	C:\Windows\SYSTEM32\urlmon.dll
0x00007ffcecb70000 - 0x00007ffcece20000 	C:\Windows\SYSTEM32\iertutil.dll
0x00007ffcfff60000 - 0x00007ffcfffca000 	C:\Windows\system32\mswsock.dll
0x00007ffd00140000 - 0x00007ffd00158000 	C:\Windows\SYSTEM32\CRYPTSP.dll
0x00007ffcff900000 - 0x00007ffcff934000 	C:\Windows\system32\rsaenh.dll
0x00007ffd00d30000 - 0x00007ffd00d57000 	C:\Windows\System32\bcrypt.dll
0x00007ffd00710000 - 0x00007ffd0073e000 	C:\Windows\SYSTEM32\USERENV.dll
0x00007ffd00ee0000 - 0x00007ffd00f60000 	C:\Windows\System32\bcryptprimitives.dll
0x00007ffd00130000 - 0x00007ffd0013c000 	C:\Windows\SYSTEM32\CRYPTBASE.dll
0x00007ffcffc50000 - 0x00007ffcffc8b000 	C:\Windows\SYSTEM32\IPHLPAPI.DLL
0x00007ffd01f80000 - 0x00007ffd01f88000 	C:\Windows\System32\NSI.dll
0x00007ffcf9260000 - 0x00007ffcf9277000 	C:\Windows\SYSTEM32\dhcpcsvc6.DLL
0x00007ffcf9280000 - 0x00007ffcf929d000 	C:\Windows\SYSTEM32\dhcpcsvc.DLL
0x00007ffcffc90000 - 0x00007ffcffd5c000 	C:\Windows\SYSTEM32\DNSAPI.dll
0x00007ffcf6de0000 - 0x00007ffcf6df2000 	C:\Program Files\Java\jdk1.8.0_221\jre\bin\nio.dll
0x00007ffcfa480000 - 0x00007ffcfa48a000 	C:\Users\super\AppData\Local\Temp\jansi-1.17.1-5087582880716356507.dll
0x00007ffcf8d70000 - 0x00007ffcf8d7a000 	C:\Users\super\AppData\Local\Temp\jansi-1.17.1-5471760993465764792.dll
0x00007ffcfbbf0000 - 0x00007ffcfbbfd000 	C:\Program Files\Java\jdk1.8.0_221\jre\bin\management.dll
0x00007ffcee050000 - 0x00007ffcee067000 	C:\Windows\system32\napinsp.dll
0x00007ffcedf00000 - 0x00007ffcedf1b000 	C:\Windows\system32\pnrpnsp.dll
0x00007ffcfb850000 - 0x00007ffcfb865000 	C:\Windows\system32\wshbth.dll
0x00007ffcfbd00000 - 0x00007ffcfbd1d000 	C:\Windows\system32\NLAapi.dll
0x00007ffcedb40000 - 0x00007ffcedb52000 	C:\Windows\System32\winrnr.dll
0x00007ffcf92a0000 - 0x00007ffcf92aa000 	C:\Windows\System32\rasadhlp.dll
0x00007ffcf6090000 - 0x00007ffcf610f000 	C:\Windows\System32\fwpuclnt.dll

VM Arguments:
jvm_args: -Dmaven.multiModuleProjectDirectory=C:\Users\super\Documents\PIMA\develops\pimacpt -Dmaven.home=C:\Program Files\JetBrains\IntelliJ IDEA Community Edition 2019.3.3\plugins\maven\lib\maven3 -Dclassworlds.conf=C:\Program Files\JetBrains\IntelliJ IDEA Community Edition 2019.3.3\plugins\maven\lib\maven3\bin\m2.conf -Dmaven.ext.class.path=C:\Program Files\JetBrains\IntelliJ IDEA Community Edition 2019.3.3\plugins\maven\lib\maven-event-listener.jar -javaagent:C:\Program Files\JetBrains\IntelliJ IDEA Community Edition 2019.3.3\lib\idea_rt.jar=51374:C:\Program Files\JetBrains\IntelliJ IDEA Community Edition 2019.3.3\bin -Dfile.encoding=UTF-8 
java_command: org.codehaus.classworlds.Launcher -Didea.version2019.3.5 install
java_class_path (initial): C:\Program Files\JetBrains\IntelliJ IDEA Community Edition 2019.3.3\plugins\maven\lib\maven3\boot\plexus-classworlds-2.6.0.jar;C:\Program Files\JetBrains\IntelliJ IDEA Community Edition 2019.3.3\lib\idea_rt.jar
Launcher Type: SUN_STANDARD

Environment Variables:
PATH=C:\Program Files (x86)\Common Files\Oracle\Java\javapath;C:\Windows\system32;C:\Windows;C:\Windows\System32\Wbem;C:\Windows\System32\WindowsPowerShell\v1.0\;C:\Windows\System32\OpenSSH\;C:\Program Files\Git\cmd;C:\Program Files\Microsoft SQL Server\130\Tools\Binn\;C:\Program Files (x86)\Microsoft SQL Server\150\DTS\Binn\;C:\Program Files\dotnet\;C:\Program Files\Microsoft SQL Server\Client SDK\ODBC\170\Tools\Binn\;C:\Program Files\TortoiseGit\bin;C:\Program Files (x86)\nodejs\;C:\Users\super\AppData\Local\Microsoft\WindowsApps;;C:\Users\super\AppData\Local\Programs\Microsoft VS Code\bin;C:\Users\super\.dotnet\tools;C:\Users\super\AppData\Roaming\npm
USERNAME=super
OS=Windows_NT
PROCESSOR_IDENTIFIER=Intel64 Family 6 Model 94 Stepping 3, GenuineIntel



---------------  S Y S T E M  ---------------

OS: Windows 10.0 , 64 bit Build 19041 (10.0.19041.928)

CPU:total 8 (initial active 8) (4 cores per cpu, 2 threads per core) family 6 model 94 stepping 3, cmov, cx8, fxsr, mmx, sse, sse2, sse3, ssse3, sse4.1, sse4.2, popcnt, avx, avx2, aes, clmul, erms, rtm, 3dnowpref, lzcnt, ht, tsc, tscinvbit, bmi1, bmi2, adx

Memory: 4k page, physical 16698144k(3121508k free), swap 16698144k(6348k free)

vm_info: Java HotSpot(TM) 64-Bit Server VM (25.221-b11) for windows-amd64 JRE (1.8.0_221-b11), built on Jul  4 2019 04:39:29 by "java_re" with MS VC++ 10.0 (VS2010)

time: Wed Jun 02 07:13:48 2021
timezone: Hora de verano central (México)
elapsed time: 13 seconds (0d 0h 0m 13s)

